This file contains any messages produced by compilers while
running configure, to aid debugging if configure makes a mistake.

It was created by configure, which was
generated by GNU Autoconf 2.63.  Invocation command line was

  $ ./configure 

## --------- ##
## Platform. ##
## --------- ##

hostname = paolo-gondolos-macbook-pro.local
uname -m = i386
uname -r = 10.2.0
uname -s = Darwin
uname -v = Darwin Kernel Version 10.2.0: Tue Nov  3 10:37:10 PST 2009; root:xnu-1486.2.11~1/RELEASE_I386

/usr/bin/uname -p = i386
/bin/uname -X     = unknown

/bin/arch              = unknown
/usr/bin/arch -k       = unknown
/usr/convex/getsysinfo = unknown
/usr/bin/hostinfo      = Mach kernel version:
	 Darwin Kernel Version 10.2.0: Tue Nov  3 10:37:10 PST 2009; root:xnu-1486.2.11~1/RELEASE_I386
Kernel configured for up to 2 processors.
2 processors are physically available.
2 processors are logically available.
Processor type: i486 (Intel 80486)
Processors active: 0 1
Primary memory available: 4.00 gigabytes
Default processor set: 54 tasks, 190 threads, 2 processors
Load average: 0.87, Mach factor: 1.12
/bin/machine           = unknown
/usr/bin/oslevel       = unknown
/bin/universe          = unknown

PATH: /usr/bin
PATH: /bin
PATH: /usr/sbin
PATH: /sbin
PATH: /usr/local/bin
PATH: /usr/X11/bin


## ----------- ##
## Core tests. ##
## ----------- ##

configure:1884: checking for uname
configure:1900: found /usr/bin/uname
configure:1912: result: 1
configure:1935: checking for cc
configure:1951: found /usr/bin/cc
configure:1962: result: cc
configure:2281: checking for C compiler version
configure:2289: cc --version >&5
i686-apple-darwin10-gcc-4.2.1 (GCC) 4.2.1 (Apple Inc. build 5646) (dot 1)
Copyright (C) 2007 Free Software Foundation, Inc.
This is free software; see the source for copying conditions.  There is NO
warranty; not even for MERCHANTABILITY or FITNESS FOR A PARTICULAR PURPOSE.

configure:2293: $? = 0
configure:2300: cc -v >&5
Using built-in specs.
Target: i686-apple-darwin10
Configured with: /var/tmp/gcc/gcc-5646.1~2/src/configure --disable-checking --enable-werror --prefix=/usr --mandir=/share/man --enable-languages=c,objc,c++,obj-c++ --program-transform-name=/^[cg][^.-]*$/s/$/-4.2/ --with-slibdir=/usr/lib --build=i686-apple-darwin10 --with-gxx-include-dir=/include/c++/4.2.1 --program-prefix=i686-apple-darwin10- --host=x86_64-apple-darwin10 --target=i686-apple-darwin10
Thread model: posix
gcc version 4.2.1 (Apple Inc. build 5646) (dot 1)
configure:2304: $? = 0
configure:2311: cc -V >&5
gcc-4.2: argument to `-V' is missing
configure:2315: $? = 1
configure:2338: checking for C compiler default output file name
configure:2360: cc    conftest.c  >&5
configure:2364: $? = 0
configure:2402: result: a.out
configure:2421: checking whether the C compiler works
configure:2431: ./a.out
configure:2435: $? = 0
configure:2454: result: yes
configure:2461: checking whether we are cross compiling
configure:2463: result: no
configure:2466: checking for suffix of executables
configure:2473: cc -o conftest    conftest.c  >&5
configure:2477: $? = 0
configure:2503: result: 
configure:2509: checking for suffix of object files
configure:2535: cc -c   conftest.c >&5
configure:2539: $? = 0
configure:2564: result: o
configure:2568: checking whether we are using the GNU C compiler
configure:2597: cc -c   conftest.c >&5
configure:2604: $? = 0
configure:2621: result: yes
configure:2630: checking whether cc accepts -g
configure:2660: cc -c -g  conftest.c >&5
configure:2667: $? = 0
configure:2768: result: yes
configure:2785: checking for cc option to accept ISO C89
configure:2859: cc  -c -g -O2  conftest.c >&5
configure:2866: $? = 0
configure:2889: result: none needed
configure:2920: checking for gfortran
configure:2936: found /usr/bin/gfortran
configure:2947: result: gfortran
configure:3031: checking for ranlib
configure:3047: found /usr/bin/ranlib
configure:3058: result: ranlib
configure:3087: checking how to run the C preprocessor
configure:3127: cc -E  conftest.c
configure:3134: $? = 0
configure:3165: cc -E  conftest.c
conftest.c:8:28: error: ac_nonexistent.h: No such file or directory
configure:3172: $? = 1
configure: failed program was:
| /* confdefs.h.  */
| #define PACKAGE_NAME ""
| #define PACKAGE_TARNAME ""
| #define PACKAGE_VERSION ""
| #define PACKAGE_STRING ""
| #define PACKAGE_BUGREPORT ""
| /* end confdefs.h.  */
| #include <ac_nonexistent.h>
configure:3205: result: cc -E
configure:3234: cc -E  conftest.c
configure:3241: $? = 0
configure:3272: cc -E  conftest.c
conftest.c:8:28: error: ac_nonexistent.h: No such file or directory
configure:3279: $? = 1
configure: failed program was:
| /* confdefs.h.  */
| #define PACKAGE_NAME ""
| #define PACKAGE_TARNAME ""
| #define PACKAGE_VERSION ""
| #define PACKAGE_STRING ""
| #define PACKAGE_BUGREPORT ""
| /* end confdefs.h.  */
| #include <ac_nonexistent.h>
configure:3319: checking for grep that handles long lines and -e
configure:3379: result: /usr/bin/grep
configure:3384: checking for egrep
configure:3448: result: /usr/bin/grep -E
configure:3453: checking for ANSI C header files
configure:3483: cc -c -g -O2  conftest.c >&5
configure:3490: $? = 0
configure:3589: cc -o conftest -g -O2   conftest.c  >&5
configure:3593: $? = 0
configure:3599: ./conftest
configure:3603: $? = 0
configure:3621: result: yes
configure:3645: checking for sys/types.h
configure:3666: cc -c -g -O2  conftest.c >&5
configure:3673: $? = 0
configure:3690: result: yes
configure:3645: checking for sys/stat.h
configure:3666: cc -c -g -O2  conftest.c >&5
configure:3673: $? = 0
configure:3690: result: yes
configure:3645: checking for stdlib.h
configure:3666: cc -c -g -O2  conftest.c >&5
configure:3673: $? = 0
configure:3690: result: yes
configure:3645: checking for string.h
configure:3666: cc -c -g -O2  conftest.c >&5
configure:3673: $? = 0
configure:3690: result: yes
configure:3645: checking for memory.h
configure:3666: cc -c -g -O2  conftest.c >&5
configure:3673: $? = 0
configure:3690: result: yes
configure:3645: checking for strings.h
configure:3666: cc -c -g -O2  conftest.c >&5
configure:3673: $? = 0
configure:3690: result: yes
configure:3645: checking for inttypes.h
configure:3666: cc -c -g -O2  conftest.c >&5
configure:3673: $? = 0
configure:3690: result: yes
configure:3645: checking for stdint.h
configure:3666: cc -c -g -O2  conftest.c >&5
configure:3673: $? = 0
configure:3690: result: yes
configure:3645: checking for unistd.h
configure:3666: cc -c -g -O2  conftest.c >&5
configure:3673: $? = 0
configure:3690: result: yes
configure:3712: checking for stdlib.h
configure:3719: result: yes
configure:3712: checking for string.h
configure:3719: result: yes
configure:3723: checking math.h usability
configure:3740: cc -c -g -O2  conftest.c >&5
configure:3747: $? = 0
configure:3761: result: yes
configure:3765: checking math.h presence
configure:3780: cc -E  conftest.c
configure:3787: $? = 0
configure:3801: result: yes
configure:3829: checking for math.h
configure:3838: result: yes
configure:3723: checking limits.h usability
configure:3740: cc -c -g -O2  conftest.c >&5
configure:3747: $? = 0
configure:3761: result: yes
configure:3765: checking limits.h presence
configure:3780: cc -E  conftest.c
configure:3787: $? = 0
configure:3801: result: yes
configure:3829: checking for limits.h
configure:3838: result: yes
configure:3876: cc -c -g -O2  conftest.c >&5
configure:3883: $? = 0
configure:4096: checking "whether ftruncate works"
configure:4122: cc -o conftest -g -O2 -Dg77Fortran -fPIC -fno-common   conftest.c  >&5
configure:4129: $? = 0
configure:4142: result: "yes"
configure:4161: checking "whether long long is defined"
configure:4187: cc -c -g -O2 -Dg77Fortran -fPIC -fno-common  conftest.c >&5
configure:4194: $? = 0
configure:4204: result: "yes"
configure:4229: checking "whether system V style IPC services are supported"
configure:4260: cc -o conftest -g -O2 -Dg77Fortran -fPIC -fno-common   conftest.c  >&5
configure:4267: $? = 0
configure:4281: result: "yes"
configure:4302: checking "do we have flock_t defined in sys/fcntl.h"
configure:4328: cc -c -g -O2 -Dg77Fortran -fPIC -fno-common  conftest.c >&5
conftest.c: In function 'main':
conftest.c:33: error: 'flock_t' undeclared (first use in this function)
conftest.c:33: error: (Each undeclared identifier is reported only once
conftest.c:33: error: for each function it appears in.)
conftest.c:33: error: expected ';' before 'filler'
configure:4335: $? = 1
configure: failed program was:
| /* confdefs.h.  */
| #define PACKAGE_NAME ""
| #define PACKAGE_TARNAME ""
| #define PACKAGE_VERSION ""
| #define PACKAGE_STRING ""
| #define PACKAGE_BUGREPORT ""
| #define STDC_HEADERS 1
| #define HAVE_SYS_TYPES_H 1
| #define HAVE_SYS_STAT_H 1
| #define HAVE_STDLIB_H 1
| #define HAVE_STRING_H 1
| #define HAVE_MEMORY_H 1
| #define HAVE_STRINGS_H 1
| #define HAVE_INTTYPES_H 1
| #define HAVE_STDINT_H 1
| #define HAVE_UNISTD_H 1
| #define HAVE_STDLIB_H 1
| #define HAVE_STRING_H 1
| #define HAVE_MATH_H 1
| #define HAVE_LIMITS_H 1
| #define _LARGEFILE_SOURCE 1
| #define _FILE_OFFSET_BITS 64
| #define HAVE_FTRUNCATE 1
| #define HAVE_LONGLONG 1
| #define HAVE_SHMEM_SERVICES 1
| /* end confdefs.h.  */
| #include <sys/fcntl.h>
| 
| int
| main ()
| {
| 
| flock_t filler;
| 
|   ;
|   return 0;
| }
configure:4352: result: "no"
configure:4359: checking "do we have flock_t defined in sys/flock.h"
configure:4385: cc -c -g -O2 -Dg77Fortran -fPIC -fno-common  conftest.c >&5
conftest.c:27:23: error: sys/flock.h: No such file or directory
conftest.c: In function 'main':
conftest.c:33: error: 'flock_t' undeclared (first use in this function)
conftest.c:33: error: (Each undeclared identifier is reported only once
conftest.c:33: error: for each function it appears in.)
conftest.c:33: error: expected ';' before 'filler'
configure:4392: $? = 1
configure: failed program was:
| /* confdefs.h.  */
| #define PACKAGE_NAME ""
| #define PACKAGE_TARNAME ""
| #define PACKAGE_VERSION ""
| #define PACKAGE_STRING ""
| #define PACKAGE_BUGREPORT ""
| #define STDC_HEADERS 1
| #define HAVE_SYS_TYPES_H 1
| #define HAVE_SYS_STAT_H 1
| #define HAVE_STDLIB_H 1
| #define HAVE_STRING_H 1
| #define HAVE_MEMORY_H 1
| #define HAVE_STRINGS_H 1
| #define HAVE_INTTYPES_H 1
| #define HAVE_STDINT_H 1
| #define HAVE_UNISTD_H 1
| #define HAVE_STDLIB_H 1
| #define HAVE_STRING_H 1
| #define HAVE_MATH_H 1
| #define HAVE_LIMITS_H 1
| #define _LARGEFILE_SOURCE 1
| #define _FILE_OFFSET_BITS 64
| #define HAVE_FTRUNCATE 1
| #define HAVE_LONGLONG 1
| #define HAVE_SHMEM_SERVICES 1
| /* end confdefs.h.  */
| #include <sys/flock.h>
| 
| int
| main ()
| {
| 
|    flock_t filler;
| 
|   ;
|   return 0;
| }
configure:4409: result: "no"
configure:4421: checking "do we have union semun defined"
configure:4449: cc -c -g -O2 -Dg77Fortran -fPIC -fno-common  conftest.c >&5
configure:4456: $? = 0
configure:4466: result: "yes"
configure:4482: checking for library containing gethostbyname
configure:4523: cc -o conftest -g -O2 -Dg77Fortran -fPIC -fno-common   conftest.c  >&5
configure:4530: $? = 0
configure:4561: result: none required
configure:4571: checking for library containing connect
configure:4612: cc -o conftest -g -O2 -Dg77Fortran -fPIC -fno-common   conftest.c  >&5
configure:4619: $? = 0
configure:4650: result: none required
configure:4811: creating ./config.status

## ---------------------- ##
## Running config.status. ##
## ---------------------- ##

This file was extended by config.status, which was
generated by GNU Autoconf 2.63.  Invocation command line was

  CONFIG_FILES    = 
  CONFIG_HEADERS  = 
  CONFIG_LINKS    = 
  CONFIG_COMMANDS = 
  $ ./config.status 

on paolo-gondolos-macbook-pro.local

config.status:657: creating Makefile
configure:5923: creating ./config.status

## ---------------------- ##
## Running config.status. ##
## ---------------------- ##

This file was extended by config.status, which was
generated by GNU Autoconf 2.63.  Invocation command line was

  CONFIG_FILES    = 
  CONFIG_HEADERS  = 
  CONFIG_LINKS    = 
  CONFIG_COMMANDS = 
  $ ./config.status 

on paolo-gondolos-macbook-pro.local

config.status:658: creating Makefile
config.status:658: creating cfitsio.pc
configure:6898: result: 
configure:6900: result:     Congratulations, Makefile update was successful.
configure:6902: result:     You may want to run "make" now.
configure:6904: result: 

## ---------------- ##
## Cache variables. ##
## ---------------- ##

ac_cv_c_compiler_gnu=yes
ac_cv_env_CC_set=
ac_cv_env_CC_value=
ac_cv_env_CFLAGS_set=
ac_cv_env_CFLAGS_value=
ac_cv_env_CPPFLAGS_set=
ac_cv_env_CPPFLAGS_value=
ac_cv_env_CPP_set=
ac_cv_env_CPP_value=
ac_cv_env_LDFLAGS_set=
ac_cv_env_LDFLAGS_value=
ac_cv_env_LIBS_set=
ac_cv_env_LIBS_value=
ac_cv_env_build_alias_set=
ac_cv_env_build_alias_value=
ac_cv_env_host_alias_set=
ac_cv_env_host_alias_value=
ac_cv_env_target_alias_set=
ac_cv_env_target_alias_value=
ac_cv_header_inttypes_h=yes
ac_cv_header_limits_h=yes
ac_cv_header_math_h=yes
ac_cv_header_memory_h=yes
ac_cv_header_stdc=yes
ac_cv_header_stdint_h=yes
ac_cv_header_stdlib_h=yes
ac_cv_header_string_h=yes
ac_cv_header_strings_h=yes
ac_cv_header_sys_stat_h=yes
ac_cv_header_sys_types_h=yes
ac_cv_header_unistd_h=yes
ac_cv_objext=o
ac_cv_path_EGREP='/usr/bin/grep -E'
ac_cv_path_GREP=/usr/bin/grep
ac_cv_prog_CC=cc
ac_cv_prog_CPP='cc -E'
ac_cv_prog_FC=gfortran
ac_cv_prog_ac_ct_RANLIB=ranlib
ac_cv_prog_cc_c89=
ac_cv_prog_cc_g=yes
ac_cv_prog_uname_found=1
ac_cv_search_connect='none required'
ac_cv_search_gethostbyname='none required'

## ----------------- ##
## Output variables. ##
## ----------------- ##

ARCH='i386'
CC='cc'
CFLAGS='-g -O2 -Dg77Fortran -fPIC -fno-common'
CPP='cc -E'
CPPFLAGS=''
DEFS='-DPACKAGE_NAME=\"\" -DPACKAGE_TARNAME=\"\" -DPACKAGE_VERSION=\"\" -DPACKAGE_STRING=\"\" -DPACKAGE_BUGREPORT=\"\" -DSTDC_HEADERS=1 -DHAVE_SYS_TYPES_H=1 -DHAVE_SYS_STAT_H=1 -DHAVE_STDLIB_H=1 -DHAVE_STRING_H=1 -DHAVE_MEMORY_H=1 -DHAVE_STRINGS_H=1 -DHAVE_INTTYPES_H=1 -DHAVE_STDINT_H=1 -DHAVE_UNISTD_H=1 -DHAVE_STDLIB_H=1 -DHAVE_STRING_H=1 -DHAVE_MATH_H=1 -DHAVE_LIMITS_H=1 -D_LARGEFILE_SOURCE=1 -D_FILE_OFFSET_BITS=64 -DHAVE_FTRUNCATE=1 -DHAVE_LONGLONG=1 -DHAVE_SHMEM_SERVICES=1 -DHAVE_UNION_SEMUN=1 -DHAVE_NET_SERVICES=1'
ECHO_C='\c'
ECHO_N=''
ECHO_T=''
EGREP='/usr/bin/grep -E'
EXEEXT=''
F77_WRAPPERS='${FITSIO_SRC}'
FC='gfortran'
GCCVERSION='4.5.0'
GREP='/usr/bin/grep'
INSTALL_ROOT='${prefix}'
LDFLAGS=''
LIBOBJS=''
LIBPRE=''
LIBS=''
LTLIBOBJS=''
OBJEXT='o'
PACKAGE_BUGREPORT=''
PACKAGE_NAME=''
PACKAGE_STRING=''
PACKAGE_TARNAME=''
PACKAGE_VERSION=''
PATH_SEPARATOR=':'
RANLIB='ranlib'
SHELL='/bin/sh'
SHLIB_LD='cc -dynamiclib'
SHLIB_SUFFIX='.dylib'
ac_ct_CC=''
bindir='${exec_prefix}/bin'
build_alias=''
datadir='${datarootdir}'
datarootdir='${prefix}/share'
docdir='${datarootdir}/doc/${PACKAGE}'
dvidir='${docdir}'
exec_prefix='${prefix}'
host_alias=''
htmldir='${docdir}'
includedir='${prefix}/include'
infodir='${datarootdir}/info'
libdir='${exec_prefix}/lib'
libexecdir='${exec_prefix}/libexec'
localedir='${datarootdir}/locale'
localstatedir='${prefix}/var'
mandir='${datarootdir}/man'
my_shmem='${SOURCES_SHMEM}'
oldincludedir='/usr/include'
pdfdir='${docdir}'
prefix='/Users/paolo/ds/DarkSUSY3/darksusy-5.0.5/contrib/cfitsio'
program_transform_name='s,x,x,'
psdir='${docdir}'
sbindir='${exec_prefix}/sbin'
sharedstatedir='${prefix}/com'
sysconfdir='${prefix}/etc'
target_alias=''
uname_found='1'

## ----------- ##
## confdefs.h. ##
## ----------- ##

#define PACKAGE_NAME ""
#define PACKAGE_TARNAME ""
#define PACKAGE_VERSION ""
#define PACKAGE_STRING ""
#define PACKAGE_BUGREPORT ""
#define STDC_HEADERS 1
#define HAVE_SYS_TYPES_H 1
#define HAVE_SYS_STAT_H 1
#define HAVE_STDLIB_H 1
#define HAVE_STRING_H 1
#define HAVE_MEMORY_H 1
#define HAVE_STRINGS_H 1
#define HAVE_INTTYPES_H 1
#define HAVE_STDINT_H 1
#define HAVE_UNISTD_H 1
#define HAVE_STDLIB_H 1
#define HAVE_STRING_H 1
#define HAVE_MATH_H 1
#define HAVE_LIMITS_H 1
#define _LARGEFILE_SOURCE 1
#define _FILE_OFFSET_BITS 64
#define HAVE_FTRUNCATE 1
#define HAVE_LONGLONG 1
#define HAVE_SHMEM_SERVICES 1
#define HAVE_UNION_SEMUN 1
#define HAVE_NET_SERVICES 1

configure: exit 0
