\BOOKMARK [0][-]{chapter*.5}{\376\377\000I\000n\000t\000r\000o\000d\000u\000c\000t\000i\000o\000n}{}% 1
\BOOKMARK [0][-]{chapter.1}{\376\377\000T\000h\000e\000\040\000S\000t\000a\000n\000d\000a\000r\000d\000\040\000M\000o\000d\000e\000l\000\040\000o\000f\000\040\000E\000l\000e\000m\000e\000n\000t\000a\000r\000y\000\040\000P\000a\000r\000t\000i\000c\000l\000e\000s\000\040\000a\000n\000d\000\040\000B\000e\000y\000o\000n\000d}{}% 2
\BOOKMARK [1][-]{section.1.1}{\376\377\000T\000h\000e\000\040\000B\000u\000l\000d\000i\000n\000g\000\040\000B\000l\000o\000c\000k\000s}{chapter.1}% 3
\BOOKMARK [2][-]{subsection.1.1.1}{\376\377\000T\000h\000e\000\040\000L\000e\000p\000t\000o\000n\000s}{section.1.1}% 4
\BOOKMARK [2][-]{subsection.1.1.2}{\376\377\000T\000h\000e\000\040\000Q\000u\000a\000r\000k\000s}{section.1.1}% 5
\BOOKMARK [1][-]{section.1.2}{\376\377\000T\000h\000e\000\040\000F\000o\000r\000c\000e\000s}{chapter.1}% 6
\BOOKMARK [2][-]{subsection.1.2.1}{\376\377\000E\000l\000e\000c\000t\000r\000o\000m\000a\000g\000n\000e\000t\000i\000s\000m}{section.1.2}% 7
\BOOKMARK [2][-]{subsection.1.2.2}{\376\377\000T\000h\000e\000\040\000S\000t\000r\000o\000n\000g\000\040\000F\000o\000r\000c\000e}{section.1.2}% 8
\BOOKMARK [2][-]{subsection.1.2.3}{\376\377\000T\000h\000e\000\040\000W\000e\000a\000k\000\040\000F\000o\000r\000c\000e}{section.1.2}% 9
\BOOKMARK [1][-]{section.1.3}{\376\377\000B\000e\000y\000o\000n\000d\000\040\000t\000h\000e\000\040\000S\000t\000a\000n\000d\000a\000r\000d\000\040\000M\000o\000d\000e\000l}{chapter.1}% 10
\BOOKMARK [2][-]{subsection.1.3.1}{\376\377\000W\000h\000y\000\040\000l\000o\000o\000k\000\040\000b\000e\000y\000o\000n\000d\000?}{section.1.3}% 11
\BOOKMARK [2][-]{subsection.1.3.2}{\376\377\000S\000u\000p\000e\000r\000s\000y\000m\000m\000e\000t\000r\000y\000,\000\040\000t\000h\000e\000\040\000C\000h\000a\000r\000g\000i\000n\000o\000\040\000a\000n\000d\000\040\000t\000h\000e\000\040\000N\000e\000u\000t\000r\000a\000l\000i\000n\000o}{section.1.3}% 12
\BOOKMARK [1][-]{section.1.4}{\376\377\000P\000r\000o\000t\000o\000n\000-\000P\000r\000o\000t\000o\000n\000\040\000c\000o\000l\000l\000i\000s\000i\000o\000n\000s\000\040\000a\000t\000\040\000t\000h\000e\000\040\000L\000H\000C}{chapter.1}% 13
\BOOKMARK [2][-]{subsection.1.4.1}{\376\377\000A\000n\000\040\000I\000n\000t\000r\000o\000d\000u\000c\000t\000i\000o\000n\000\040\000t\000o\000\040\000P\000a\000r\000t\000i\000c\000l\000e\000\040\000A\000c\000c\000e\000l\000e\000r\000a\000t\000o\000r\000s\000\040\000a\000n\000d\000\040\000D\000e\000t\000e\000c\000t\000o\000r\000s}{section.1.4}% 14
\BOOKMARK [2][-]{subsection.1.4.2}{\376\377\000T\000h\000e\000\040\000K\000i\000n\000e\000m\000a\000t\000i\000c\000s}{section.1.4}% 15
\BOOKMARK [1][-]{section.1.5}{\376\377\000T\000h\000e\000\040\000S\000i\000g\000n\000a\000l}{chapter.1}% 16
\BOOKMARK [1][-]{section.1.6}{\376\377\000T\000h\000e\000\040\000B\000a\000c\000k\000g\000r\000o\000u\000n\000d\000\040\000C\000h\000a\000n\000n\000e\000l\000s}{chapter.1}% 17
\BOOKMARK [0][-]{chapter.2}{\376\377\000I\000n\000t\000r\000o\000d\000u\000c\000t\000i\000o\000n\000\040\000t\000o\000\040\000M\000a\000c\000h\000i\000n\000e\000\040\000L\000e\000a\000r\000n\000i\000n\000g\000\040\000a\000n\000d\000\040\000D\000a\000t\000a\000\040\000A\000n\000a\000l\000y\000s\000i\000s}{}% 18
\BOOKMARK [1][-]{section.2.1}{\376\377\000P\000h\000e\000n\000o\000m\000e\000n\000o\000l\000o\000g\000y}{chapter.2}% 19
\BOOKMARK [1][-]{section.2.2}{\376\377\000O\000p\000t\000i\000m\000i\000z\000a\000t\000i\000o\000n}{chapter.2}% 20
\BOOKMARK [2][-]{subsection.2.2.1}{\376\377\000C\000o\000s\000t\000\040\000f\000u\000n\000c\000t\000i\000o\000n\000s}{section.2.2}% 21
\BOOKMARK [2][-]{subsection.2.2.2}{\376\377\000S\000t\000o\000c\000h\000a\000s\000t\000i\000c\000\040\000G\000r\000a\000d\000i\000e\000n\000t\000\040\000D\000e\000s\000c\000e\000n\000t\000\040\000a\000n\000d\000\040\000M\000i\000n\000i\000-\000B\000a\000t\000c\000h\000e\000s}{section.2.2}% 22
\BOOKMARK [2][-]{subsection.2.2.3}{\376\377\000M\000e\000m\000o\000r\000y\000,\000\040\000A\000d\000a\000p\000t\000i\